# JRE version: Java(TM) SE Runtime Environment (17.0.8+9) (build 17.0.8+9-LTS-211)
# Java VM: Java HotSpot(TM) 64-Bit Server VM (17.0.8+9-LTS-211, mixed mode, sharing, tiered, compressed oops, compressed class ptrs, g1 gc, windows-amd64)
GC Precious Log:
 CPUs: 12 total, 12 available
 Memory: 32599M
 Large Page Support: Disabled
 NUMA Support: Disabled
 Compressed Oops: Enabled (32-bit)
 Heap Region Size: 1M
 Heap Min Capacity: 8M
 Heap Initial Capacity: 510M
 Heap Max Capacity: 1G
 Pre-touch: Disabled
 Parallel Workers: 10
 Concurrent Workers: 3
 Concurrent Refinement Workers: 10
 Periodic GC: Disabled
Heap:
 garbage-first heap   total 242688K, used 97521K [0x00000000c0000000, 0x0000000100000000)
  region size 1024K, 19 young (19456K), 0 survivors (0K)
 Metaspace       used 10110K, committed 10304K, reserved 1114112K
  class space    used 1532K, committed 1664K, reserved 1048576K
GC Heap History (20 events):
Event: 2.083 GC heap before
{Heap before GC invocations=41 (full 15):
 garbage-first heap   total 150528K, used 66498K [0x00000000c0000000, 0x0000000100000000)
  region size 1024K, 22 young (22528K), 7 survivors (7168K)
 Metaspace       used 9343K, committed 9600K, reserved 1114112K
  class space    used 1439K, committed 1536K, reserved 1048576K
}
Event: 2.116 GC heap after
{Heap after GC invocations=42 (full 16):
 garbage-first heap   total 150528K, used 54143K [0x00000000c0000000, 0x0000000100000000)
  region size 1024K, 0 young (0K), 0 survivors (0K)
 Metaspace       used 9343K, committed 9600K, reserved 1114112K
  class space    used 1439K, committed 1536K, reserved 1048576K
}
Event: 2.326 GC heap before
{Heap before GC invocations=42 (full 16):
 garbage-first heap   total 150528K, used 104319K [0x00000000c0000000, 0x0000000100000000)
  region size 1024K, 50 young (51200K), 0 survivors (0K)
 Metaspace       used 9343K, committed 9600K, reserved 1114112K
  class space    used 1439K, committed 1536K, reserved 1048576K
}
Event: 2.333 GC heap after
{Heap after GC invocations=43 (full 16):
 garbage-first heap   total 150528K, used 61311K [0x00000000c0000000, 0x0000000100000000)
  region size 1024K, 7 young (7168K), 7 survivors (7168K)
 Metaspace       used 9343K, committed 9600K, reserved 1114112K
  class space    used 1439K, committed 1536K, reserved 1048576K
}
Event: 2.362 GC heap before
{Heap before GC invocations=43 (full 16):
 garbage-first heap   total 150528K, used 68479K [0x00000000c0000000, 0x0000000100000000)
  region size 1024K, 15 young (15360K), 7 survivors (7168K)
 Metaspace       used 9418K, committed 9664K, reserved 1114112K
  class space    used 1472K, committed 1600K, reserved 1048576K
}
Event: 2.395 GC heap after
{Heap after GC invocations=44 (full 17):
 garbage-first heap   total 150528K, used 60879K [0x00000000c0000000, 0x0000000100000000)
  region size 1024K, 0 young (0K), 0 survivors (0K)
 Metaspace       used 9418K, committed 9664K, reserved 1114112K
  class space    used 1472K, committed 1600K, reserved 1048576K
}
Event: 2.480 GC heap before
{Heap before GC invocations=44 (full 17):
 garbage-first heap   total 150528K, used 109007K [0x00000000c0000000, 0x0000000100000000)
  region size 1024K, 47 young (48128K), 0 survivors (0K)
 Metaspace       used 9428K, committed 9664K, reserved 1114112K
  class space    used 1472K, committed 1600K, reserved 1048576K
}
Event: 2.486 GC heap after
{Heap after GC invocations=45 (full 17):
 garbage-first heap   total 150528K, used 66423K [0x00000000c0000000, 0x0000000100000000)
  region size 1024K, 6 young (6144K), 6 survivors (6144K)
 Metaspace       used 9428K, committed 9664K, reserved 1114112K
  class space    used 1472K, committed 1600K, reserved 1048576K
}
Event: 2.551 GC heap before
{Heap before GC invocations=45 (full 17):
 garbage-first heap   total 150528K, used 112503K [0x00000000c0000000, 0x0000000100000000)
  region size 1024K, 51 young (52224K), 6 survivors (6144K)
 Metaspace       used 9429K, committed 9728K, reserved 1114112K
  class space    used 1472K, committed 1600K, reserved 1048576K
}
Event: 2.559 GC heap after
{Heap after GC invocations=46 (full 17):
 garbage-first heap   total 451584K, used 72004K [0x00000000c0000000, 0x0000000100000000)
  region size 1024K, 6 young (6144K), 6 survivors (6144K)
 Metaspace       used 9429K, committed 9728K, reserved 1114112K
  class space    used 1472K, committed 1600K, reserved 1048576K
}
Event: 2.585 GC heap before
{Heap before GC invocations=46 (full 17):
 garbage-first heap   total 451584K, used 88388K [0x00000000c0000000, 0x0000000100000000)
  region size 1024K, 23 young (23552K), 6 survivors (6144K)
 Metaspace       used 9430K, committed 9728K, reserved 1114112K
  class space    used 1472K, committed 1600K, reserved 1048576K
}
Event: 2.603 GC heap after
{Heap after GC invocations=47 (full 18):
 garbage-first heap   total 245760K, used 68600K [0x00000000c0000000, 0x0000000100000000)
  region size 1024K, 0 young (0K), 0 survivors (0K)
 Metaspace       used 9430K, committed 9728K, reserved 1114112K
  class space    used 1472K, committed 1600K, reserved 1048576K
}
Event: 2.625 GC heap before
{Heap before GC invocations=47 (full 18):
 garbage-first heap   total 245760K, used 79864K [0x00000000c0000000, 0x0000000100000000)
  region size 1024K, 12 young (12288K), 0 survivors (0K)
 Metaspace       used 9430K, committed 9728K, reserved 1114112K
  class space    used 1472K, committed 1600K, reserved 1048576K
}
Event: 2.645 GC heap after
{Heap after GC invocations=48 (full 19):
 garbage-first heap   total 242688K, used 69947K [0x00000000c0000000, 0x0000000100000000)
  region size 1024K, 0 young (0K), 0 survivors (0K)
 Metaspace       used 9430K, committed 9728K, reserved 1114112K
  class space    used 1472K, committed 1600K, reserved 1048576K
}
Event: 2.669 GC heap before
{Heap before GC invocations=48 (full 19):
 garbage-first heap   total 242688K, used 85307K [0x00000000c0000000, 0x0000000100000000)
  region size 1024K, 16 young (16384K), 0 survivors (0K)
 Metaspace       used 9430K, committed 9728K, reserved 1114112K
  class space    used 1472K, committed 1600K, reserved 1048576K
}
Event: 2.690 GC heap after
{Heap after GC invocations=49 (full 20):
 garbage-first heap   total 242688K, used 71836K [0x00000000c0000000, 0x0000000100000000)
  region size 1024K, 0 young (0K), 0 survivors (0K)
 Metaspace       used 9430K, committed 9728K, reserved 1114112K
  class space    used 1472K, committed 1600K, reserved 1048576K
}
Event: 2.898 GC heap before
{Heap before GC invocations=49 (full 20):
 garbage-first heap   total 242688K, used 184476K [0x00000000c0000000, 0x0000000100000000)
  region size 1024K, 110 young (112640K), 0 survivors (0K)
 Metaspace       used 9432K, committed 9728K, reserved 1114112K
  class space    used 1472K, committed 1600K, reserved 1048576K
}
Event: 2.907 GC heap after
{Heap after GC invocations=50 (full 20):
 garbage-first heap   total 242688K, used 84549K [0x00000000c0000000, 0x0000000100000000)
  region size 1024K, 13 young (13312K), 13 survivors (13312K)
 Metaspace       used 9432K, committed 9728K, reserved 1114112K
  class space    used 1472K, committed 1600K, reserved 1048576K
}
Event: 2.933 GC heap before
{Heap before GC invocations=50 (full 20):
 garbage-first heap   total 242688K, used 95813K [0x00000000c0000000, 0x0000000100000000)
  region size 1024K, 25 young (25600K), 13 survivors (13312K)
 Metaspace       used 9478K, committed 9728K, reserved 1114112K
  class space    used 1483K, committed 1600K, reserved 1048576K
}
Event: 2.971 GC heap after
{Heap after GC invocations=51 (full 21):
 garbage-first heap   total 242688K, used 79089K [0x00000000c0000000, 0x0000000100000000)
  region size 1024K, 0 young (0K), 0 survivors (0K)
 Metaspace       used 9478K, committed 9728K, reserved 1114112K
  class space    used 1483K, committed 1600K, reserved 1048576K
}

